-------------------------------------------------------------------------------
Test set: es.eventup.app.EventupApplicationTests
-------------------------------------------------------------------------------
Tests run: 1, Failures: 0, Errors: 1, Skipped: 0, Time elapsed: 4.353 s <<< FAILURE! - in es.eventup.app.EventupApplicationTests
contextLoads  Time elapsed: 0.011 s  <<< ERROR!
java.lang.IllegalStateException: Failed to load ApplicationContext
Caused by: org.springframework.beans.factory.BeanCreationException: Error creating bean with name 'entityManagerFactory' defined in class path resource [org/springframework/boot/autoconfigure/orm/jpa/HibernateJpaConfiguration.class]: Invocation of init method failed; nested exception is org.hibernate.AnnotationException: No identifier specified for entity: es.eventup.app.models.entity.Actividad
Caused by: org.hibernate.AnnotationException: No identifier specified for entity: es.eventup.app.models.entity.Actividad

